threadExample/build/outputs/mapping/debug/seeds.txt
io.realm.examples.threads.MyApplication
io.realm.examples.threads.MyApplication: MyApplication()
io.realm.examples.threads.R$anim: int abc_fade_in
io.realm.examples.threads.R$anim: int abc_fade_out
io.realm.examples.threads.R$anim: int abc_grow_fade_in_from_bottom
io.realm.examples.threads.R$anim: int abc_popup_enter
io.realm.examples.threads.R$anim: int abc_popup_exit
io.realm.examples.threads.R$anim: int abc_shrink_fade_out_from_bottom
io.realm.examples.threads.R$anim: int abc_slide_in_bottom
io.realm.examples.threads.R$anim: int abc_slide_in_top
io.realm.examples.threads.R$anim: int abc_slide_out_bottom
io.realm.examples.threads.R$anim: int abc_slide_out_top
io.realm.examples.threads.R$anim: int tooltip_enter
io.realm.examples.threads.R$anim: int tooltip_exit
io.realm.examples.threads.R$attr: int actionBarDivider
io.realm.examples.threads.R$attr: int actionBarItemBackground
io.realm.examples.threads.R$attr: int actionBarPopupTheme
io.realm.examples.threads.R$attr: int actionBarSize
io.realm.examples.threads.R$attr: int actionBarSplitStyle
io.realm.examples.threads.R$attr: int actionBarStyle
io.realm.examples.threads.R$attr: int actionBarTabBarStyle
io.realm.examples.threads.R$attr: int actionBarTabStyle
io.realm.examples.threads.R$attr: int actionBarTabTextStyle
io.realm.examples.threads.R$attr: int actionBarTheme
io.realm.examples.threads.R$attr: int actionBarWidgetTheme
io.realm.examples.threads.R$attr: int actionButtonStyle
io.realm.examples.threads.R$attr: int actionDropDownStyle
io.realm.examples.threads.R$attr: int actionLayout
io.realm.examples.threads.R$attr: int actionMenuTextAppearance
io.realm.examples.threads.R$attr: int actionMenuTextColor
io.realm.examples.threads.R$attr: int actionModeBackground
io.realm.examples.threads.R$attr: int actionModeCloseButtonStyle
io.realm.examples.threads.R$attr: int actionModeCloseDrawable
io.realm.examples.threads.R$attr: int actionModeCopyDrawable
io.realm.examples.threads.R$attr: int actionModeCutDrawable
io.realm.examples.threads.R$attr: int actionModeFindDrawable
io.realm.examples.threads.R$attr: int actionModePasteDrawable
io.realm.examples.threads.R$attr: int actionModePopupWindowStyle
io.realm.examples.threads.R$attr: int actionModeSelectAllDrawable
io.realm.examples.threads.R$bool: int abc_action_bar_embed_tabs
io.realm.examples.threads.R$bool: int abc_allow_stacked_button_bar
io.realm.examples.threads.R$bool: int abc_config_actionMenuItemAllCaps
io.realm.examples.threads.R$bool: int abc_config_closeDialogWhenTouchOutside
io.realm.examples.threads.R$bool: int abc_config_showMenuShortcutsWhenKeyboardPresent
...
android.support.v7.widget.AppCompatAutoCompleteTextView: AppCompatAutoCompleteTextView(android.content.Context)
android.support.v7.widget.AppCompatAutoCompleteTextView: AppCompatAutoCompleteTextView(android.content.Context,android.util.AttributeSet)
android.support.v7.widget.AppCompatAutoCompleteTextView: AppCompatAutoCompleteTextView(android.content.Context,android.util.AttributeSet,int)
android.support.v7.widget.AppCompatAutoCompleteTextView: void setDropDownBackgroundResource(int)
android.support.v7.widget.AppCompatAutoCompleteTextView: void setBackgroundResource(int)
android.support.v7.widget.AppCompatAutoCompleteTextView: void setBackgroundDrawable(android.graphics.drawable.Drawable)
android.support.v7.widget.AppCompatAutoCompleteTextView: void setSupportBackgroundTintList(android.content.res.ColorStateList)
android.support.v7.widget.AppCompatAutoCompleteTextView: android.content.res.ColorStateList getSupportBackgroundTintList()
android.support.v7.widget.AppCompatAutoCompleteTextView: void setSupportBackgroundTintMode(android.graphics.PorterDuff$Mode)
android.support.v7.widget.AppCompatAutoCompleteTextView: android.graphics.PorterDuff$Mode getSupportBackgroundTintMode()
android.support.v7.widget.AppCompatButton: void setBackgroundResource(int)
android.support.v7.widget.AppCompatButton: void setBackgroundDrawable(android.graphics.drawable.Drawable)
android.support.v7.widget.AppCompatButton: void setSupportBackgroundTintList(android.content.res.ColorStateList)
android.support.v7.widget.AppCompatButton: android.content.res.ColorStateList getSupportBackgroundTintList()
android.support.v7.widget.AppCompatButton: void setSupportBackgroundTintMode(android.graphics.PorterDuff$Mode)
android.support.v7.widget.AppCompatButton: android.graphics.PorterDuff$Mode getSupportBackgroundTintMode()
android.support.v7.widget.AppCompatButton: void setAutoSizeTextTypeWithDefaults(int)
android.support.v7.widget.AppCompatButton: int getAutoSizeTextType()
android.support.v7.widget.AppCompatButton: int getAutoSizeStepGranularity()
android.support.v7.widget.AppCompatButton: int getAutoSizeMinTextSize()
android.support.v7.widget.AppCompatButton: int getAutoSizeMaxTextSize()
android.support.v7.widget.AppCompatButton: int[] getAutoSizeTextAvailableSizes()
android.support.v7.widget.AppCompatButton: void setSupportAllCaps(boolean)
android.support.v7.widget.AppCompatCheckBox: void setButtonDrawable(android.graphics.drawable.Drawable)
android.support.v7.widget.AppCompatCheckBox: void setButtonDrawable(int)
android.support.v7.widget.AppCompatCheckBox: int getCompoundPaddingLeft()
android.support.v7.widget.AppCompatCheckBox: void setSupportButtonTintList(android.content.res.ColorStateList)
android.support.v7.widget.AppCompatCheckBox: android.content.res.ColorStateList getSupportButtonTintList()
android.support.v7.widget.AppCompatCheckBox: void setSupportButtonTintMode(android.graphics.PorterDuff$Mode)
android.support.v7.widget.AppCompatCheckBox: android.graphics.PorterDuff$Mode getSupportButtonTintMode()
android.support.v7.widget.AppCompatCheckedTextView: void setCheckMarkDrawable(int)
android.support.v7.widget.AppCompatEditText: void setBackgroundResource(int)
android.support.v7.widget.AppCompatEditText: void setBackgroundDrawable(android.graphics.drawable.Drawable)
android.support.v7.widget.AppCompatEditText: void setSupportBackgroundTintList(android.content.res.ColorStateList)
android.support.v7.widget.AppCompatEditText: android.content.res.ColorStateList getSupportBackgroundTintList()
android.support.v7.widget.AppCompatEditText: void setSupportBackgroundTintMode(android.graphics.PorterDuff$Mode)
android.support.v7.widget.AppCompatEditText: android.graphics.PorterDuff$Mode getSupportBackgroundTintMode()