threadExample/build/outputs/mapping/debug/mapping.txt
io.realm.examples.threads.AsyncQueryFragment -> io.realm.examples.threads.a:
    io.realm.Realm realm -> V
    io.realm.examples.threads.AsyncQueryFragment$DotAdapter dotAdapter -> W
    io.realm.RealmResults allSortedDots -> X
    io.realm.RealmAsyncTask asyncTransaction -> Y
    void <init>() -> <init>
    android.view.View onCreateView(android.view.LayoutInflater,android.view.ViewGroup,android.os.Bundle) -> a
    void onStart() -> m
    void onStop() -> p
    void onClick(android.view.View) -> onClick
    void cancelAsyncTransaction() -> Z
    void onChange(io.realm.RealmResults) -> a
    void onChange(java.lang.Object) -> a
io.realm.examples.threads.AsyncQueryFragment$1 -> io.realm.examples.threads.a$1:
    io.realm.examples.threads.AsyncQueryFragment this$0 -> a
    void <init>(io.realm.examples.threads.AsyncQueryFragment) -> <init>
    void execute(io.realm.Realm) -> a
io.realm.examples.threads.AsyncQueryFragment$2 -> io.realm.examples.threads.a$2:
    io.realm.examples.threads.AsyncQueryFragment this$0 -> a
    void <init>(io.realm.examples.threads.AsyncQueryFragment) -> <init>
    void onSuccess() -> a
io.realm.examples.threads.AsyncQueryFragment$3 -> io.realm.examples.threads.a$3:
    io.realm.examples.threads.AsyncQueryFragment this$0 -> a
    void <init>(io.realm.examples.threads.AsyncQueryFragment) -> <init>
    void onError(java.lang.Throwable) -> a
io.realm.examples.threads.AsyncQueryFragment$DotAdapter -> io.realm.examples.threads.a$a:
    java.util.List dots -> a
    android.view.LayoutInflater inflater -> b
    void <init>(android.content.Context) -> <init>
    void updateList(io.realm.RealmResults) -> a
    int getCount() -> getCount
    io.realm.examples.threads.model.Dot getItem(int) -> a
    long getItemId(int) -> getItemId
    android.view.View getView(int,android.view.View,android.view.ViewGroup) -> getView
    java.lang.Object getItem(int) -> getItem
io.realm.examples.threads.AsyncQueryFragment$DotAdapter$ViewHolder -> io.realm.examples.threads.a$a$a:
    android.widget.TextView text -> a
    io.realm.examples.threads.AsyncQueryFragment$DotAdapter this$0 -> b
    void <init>(io.realm.examples.threads.AsyncQueryFragment$DotAdapter,android.view.View) -> <init>
io.realm.examples.threads.AsyncTaskFragment -> io.realm.examples.threads.b:
    java.lang.String TAG -> V
    android.widget.LinearLayout logsView -> W
    android.widget.ProgressBar progressView -> X
    io.realm.examples.threads.AsyncTaskFragment$ImportAsyncTask asyncTask -> Y
    void <init>() -> <init>
    android.view.View onCreateView(android.view.LayoutInflater,android.view.ViewGroup,android.os.Bundle) -> a
    void onStop() -> p
    void showStatus(java.lang.String) -> b
    io.realm.examples.threads.AsyncTaskFragment$ImportAsyncTask access$000(io.realm.examples.threads.AsyncTaskFragment) -> a
    io.realm.examples.threads.AsyncTaskFragment$ImportAsyncTask access$002(io.realm.examples.threads.AsyncTaskFragment,io.realm.examples.threads.AsyncTaskFragment$ImportAsyncTask) -> a
    android.widget.LinearLayout access$100(io.realm.examples.threads.AsyncTaskFragment) -> b
    android.widget.ProgressBar access$200(io.realm.examples.threads.AsyncTaskFragment) -> c
    void access$300(io.realm.examples.threads.AsyncTaskFragment,java.lang.String) -> a
    void <clinit>() -> <clinit>
io.realm.examples.threads.AsyncTaskFragment$1 -> io.realm.examples.threads.b$1:
    io.realm.examples.threads.AsyncTaskFragment this$0 -> a
    void <init>(io.realm.examples.threads.AsyncTaskFragment) -> <init>
    void onClick(android.view.View) -> onClick
...
android.support.v4.os.IResultReceiver -> android.support.v4.e.a:
    void send(int,android.os.Bundle) -> a
android.support.v4.os.IResultReceiver$Stub -> android.support.v4.e.a$a:
    void <init>() -> <init>
    android.support.v4.os.IResultReceiver asInterface(android.os.IBinder) -> a
    android.os.IBinder asBinder() -> asBinder
    boolean onTransact(int,android.os.Parcel,android.os.Parcel,int) -> onTransact
android.support.v4.os.IResultReceiver$Stub$Proxy -> android.support.v4.e.a$a$a:
    android.os.IBinder mRemote -> a
    void <init>(android.os.IBinder) -> <init>
    android.os.IBinder asBinder() -> asBinder
    void send(int,android.os.Bundle) -> a
android.support.v4.os.ResultReceiver -> android.support.v4.e.b:
    boolean mLocal -> a
    android.os.Handler mHandler -> b
    android.support.v4.os.IResultReceiver mReceiver -> c
    android.os.Parcelable$Creator CREATOR -> CREATOR
    void onReceiveResult(int,android.os.Bundle) -> a
    int describeContents() -> describeContents
    void writeToParcel(android.os.Parcel,int) -> writeToParcel
    void <init>(android.os.Parcel) -> <init>
    void <clinit>() -> <clinit>
android.support.v4.os.ResultReceiver$1 -> android.support.v4.e.b$1:
    void <init>() -> <init>
    android.support.v4.os.ResultReceiver createFromParcel(android.os.Parcel) -> a
    android.support.v4.os.ResultReceiver[] newArray(int) -> a
    java.lang.Object[] newArray(int) -> newArray
    java.lang.Object createFromParcel(android.os.Parcel) -> createFromParcel
android.support.v4.os.ResultReceiver$MyResultReceiver -> android.support.v4.e.b$a:
    android.support.v4.os.ResultReceiver this$0 -> a
    void <init>(android.support.v4.os.ResultReceiver) -> <init>
    void send(int,android.os.Bundle) -> a
android.support.v4.os.ResultReceiver$MyRunnable -> android.support.v4.e.b$b:
    int mResultCode -> a
    android.os.Bundle mResultData -> b
    android.support.v4.os.ResultReceiver this$0 -> c
    void <init>(android.support.v4.os.ResultReceiver,int,android.os.Bundle) -> <init>
    void run() -> run
android.support.v4.provider.FontRequest -> android.support.v4.f.a:
    java.lang.String mProviderAuthority -> a
    java.lang.String mProviderPackage -> b
    java.lang.String mQuery -> c
    java.util.List mCertificates -> d
    int mCertificatesArray -> e
    java.lang.String mIdentifier -> f
    void <init>(java.lang.String,java.lang.String,java.lang.String,java.util.List) -> <init>
    java.lang.String getProviderAuthority() -> a
    java.lang.String getProviderPackage() -> b
    java.lang.String getQuery() -> c
    java.util.List getCertificates() -> d
    int getCertificatesArrayResId() -> e
    java.lang.String getIdentifier() -> f
    java.lang.String toString() -> toString