threadExample/build/outputs/mapping/debug/usage.txt
io.realm.examples.threads.AsyncTaskFragment:
    private static final int TEST_OBJECTS
io.realm.examples.threads.BuildConfig
io.realm.examples.threads.R
io.realm.examples.threads.R$anim
io.realm.examples.threads.R$attr
io.realm.examples.threads.R$bool
io.realm.examples.threads.R$color
io.realm.examples.threads.R$dimen
io.realm.examples.threads.R$drawable
io.realm.examples.threads.R$id
io.realm.examples.threads.R$integer
io.realm.examples.threads.R$layout
io.realm.examples.threads.R$menu
io.realm.examples.threads.R$mipmap
io.realm.examples.threads.R$string
io.realm.examples.threads.R$style
io.realm.examples.threads.R$styleable
io.realm.examples.threads.model.Dot:
    53:53:public long getTimestamp()
    57:58:public void setTimestamp(long)
    public void realmSet$timestamp(long)
io.realm.examples.threads.model.Person:
    35:36:public void setId(java.lang.String)
    39:39:public java.lang.String getName()
    47:47:public int getAge()
    public void realmSet$id(java.lang.String)
io.realm.examples.threads.model.Score:
    27:27:public java.lang.String getName()
    35:35:public int getScore()
...
android.support.v4.app.DialogFragment$DialogStyle
android.support.v4.app.Fragment:
    static final int INITIALIZING
    static final int CREATED
    static final int ACTIVITY_CREATED
    static final int STOPPED
    static final int STARTED
    static final int RESUMED
    434:434:public static android.support.v4.app.Fragment instantiate(android.content.Context,java.lang.String)
    574:574:public final int getId()
    581:581:public final java.lang.String getTag()
    603:603:public final android.os.Bundle getArguments()
    630:635:public void setInitialSavedState(android.support.v4.app.Fragment$SavedState)
    654:670:public void setTargetFragment(android.support.v4.app.Fragment,int)
    676:676:public final android.support.v4.app.Fragment getTargetFragment()
    683:683:public final int getTargetRequestCode()
    690:690:public android.content.Context getContext()
    707:707:public final java.lang.Object getHost()
    727:727:public final java.lang.CharSequence getText(int)
    737:737:public final java.lang.String getString(int)
    750:750:public final varargs java.lang.String getString(int,java.lang.Object[])
    800:800:public final android.support.v4.app.Fragment getParentFragment()
    825:825:public final boolean isRemoving()
    836:836:public final boolean isInLayout()
    844:844:public final boolean isResumed()
    853:854:public final boolean isVisible()
    871:871:public final boolean hasOptionsMenu()
    877:877:public final boolean isMenuVisible()
    904:905:public void setRetainInstance(boolean)
android.support.v4.app.Fragment$AnimationInfo:
    2779:2779:static synthetic java.lang.Object access$002(android.support.v4.app.Fragment$AnimationInfo,java.lang.Object)
    2779:2779:static synthetic java.lang.Object access$102(android.support.v4.app.Fragment$AnimationInfo,java.lang.Object)
    2779:2779:static synthetic java.lang.Object access$202(android.support.v4.app.Fragment$AnimationInfo,java.lang.Object)
    2779:2779:static synthetic java.lang.Object access$302(android.support.v4.app.Fragment$AnimationInfo,java.lang.Object)
    2779:2779:static synthetic java.lang.Object access$402(android.support.v4.app.Fragment$AnimationInfo,java.lang.Object)
    2779:2779:static synthetic java.lang.Object access$502(android.support.v4.app.Fragment$AnimationInfo,java.lang.Object)
    2779:2779:static synthetic java.lang.Boolean access$602(android.support.v4.app.Fragment$AnimationInfo,java.lang.Boolean)
    2779:2779:static synthetic java.lang.Boolean access$702(android.support.v4.app.Fragment$AnimationInfo,java.lang.Boolean)
android.support.v4.app.Fragment$SavedState
android.support.v4.app.Fragment$SavedState$1